\BOOKMARK [1][-]{section.1}{Introduction}{}% 1
\BOOKMARK [2][-]{subsection.1.1}{Monomials}{section.1}% 2
\BOOKMARK [2][-]{subsection.1.2}{Polynomials}{section.1}% 3
\BOOKMARK [3][-]{subsubsection.1.2.1}{Properties of Polynomials}{subsection.1.2}% 4
\BOOKMARK [3][-]{subsubsection.1.2.2}{Solution of Polynomials}{subsection.1.2}% 5
\BOOKMARK [2][-]{subsection.1.3}{Polynomial System}{section.1}% 6
\BOOKMARK [1][-]{section.2}{Abstract Algebraic Notions}{}% 7
\BOOKMARK [2][-]{subsection.2.1}{Group}{section.2}% 8
\BOOKMARK [3][-]{subsubsection.2.1.1}{Commutative \(Abelien\) Group}{subsection.2.1}% 9
\BOOKMARK [3][-]{subsubsection.2.1.2}{Homomorphism}{subsection.2.1}% 10
\BOOKMARK [2][-]{subsection.2.2}{Ring}{section.2}% 11
\BOOKMARK [3][-]{subsubsection.2.2.1}{Commutative \(Abelien\) Ring with Unity}{subsection.2.2}% 12
\BOOKMARK [3][-]{subsubsection.2.2.2}{Polynomial Ring}{subsection.2.2}% 13
\BOOKMARK [2][-]{subsection.2.3}{Field}{section.2}% 14
\BOOKMARK [2][-]{subsection.2.4}{Affine Space}{section.2}% 15
\BOOKMARK [3][-]{subsubsection.2.4.1}{Affine vs Vector Space}{subsection.2.4}% 16
\BOOKMARK [3][-]{subsubsection.2.4.2}{How Polynomials Relate to Affine Space}{subsection.2.4}% 17
\BOOKMARK [2][-]{subsection.2.5}{Affine Varieties}{section.2}% 18
\BOOKMARK [3][-]{subsubsection.2.5.1}{Example 1}{subsection.2.5}% 19
\BOOKMARK [3][-]{subsubsection.2.5.2}{Example 2}{subsection.2.5}% 20
\BOOKMARK [2][-]{subsection.2.6}{Ideal}{section.2}% 21
\BOOKMARK [2][-]{subsection.2.7}{Relation Between Algebra and Geometry}{section.2}% 22
\BOOKMARK [3][-]{subsubsection.2.7.1}{Relation Between Ideal and Variety}{subsection.2.7}% 23
\BOOKMARK [3][-]{subsubsection.2.7.2}{Relation Between Polynomial and Ring}{subsection.2.7}% 24
\BOOKMARK [3][-]{subsubsection.2.7.3}{Greatest Common Divisor \(gcd\)}{subsection.2.7}% 25
\BOOKMARK [3][-]{subsubsection.2.7.4}{Algebraic Notions and Geometric Notions}{subsection.2.7}% 26
\BOOKMARK [1][-]{section.3}{Geometrical Meaning}{}% 27
\BOOKMARK [1][-]{section.4}{Polynomial Systems Solution Methods}{}% 28
\BOOKMARK [1][-]{section.5}{Solver Software}{}% 29
\BOOKMARK [1][-]{section.6}{Applications}{}% 30
\BOOKMARK [2][-]{subsection.6.1}{Robotics}{section.6}% 31
\BOOKMARK [2][-]{subsection.6.2}{Geometry}{section.6}% 32
\BOOKMARK [1][-]{section.7}{Conclusion}{}% 33
